Arguments: 
  C:\Program Files\nodejs\node.exe C:\Program Files (x86)\Yarn\bin\yarn.js add redux@4.0.0 react-redux@5.0.7 redux-thunk@2.2.0 redux-logger@3.0.6

PATH: 
  C:\Python38\Scripts\;C:\Python38\;C:\Program Files (x86)\Intel\iCLS Client\;C:\ProgramData\Oracle\Java\javapath;C:\Program Files\Intel\iCLS Client\;C:\WINDOWS\system32;C:\WINDOWS;C:\WINDOWS\System32\Wbem;C:\WINDOWS\System32\WindowsPowerShell\v1.0\;c:\Program Files (x86)\ATI Technologies\ATI.ACE\Core-Static;C:\WINDOWS\System32\OpenSSH\;C:\Program Files (x86)\Intel\Intel(R) Management Engine Components\DAL;C:\Program Files\Intel\Intel(R) Management Engine Components\DAL;C:\Program Files (x86)\Intel\Intel(R) Management Engine Components\IPT;C:\Program Files\Intel\Intel(R) Management Engine Components\IPT;C:\Go\bin;C:\Program Files (x86)\National Instruments\Shared\LabVIEW CLI;C:\Android\sdk\platform-tools;C:\Android\sdk\tools;C:\Program Files (x86)\Yarn\bin\;C:\Program Files\Git\cmd;C:\Program Files\MATLAB\R2018a\runtime\win64;C:\Program Files\MATLAB\R2018a\bin;C:\Program Files\Intel\WiFi\bin\;C:\Program Files\Common Files\Intel\WirelessCommon\;C:\Program Files (x86)\Bitvise SSH Client;C:\Program Files\nodejs\;C:\ProgramData\chocolatey\bin;C:\Users\RAJAT PACHAURI\AppData\Local\Microsoft\WindowsApps;C:\Users\RAJAT PACHAURI\go\bin;C:\Users\RAJAT PACHAURI\AppData\Local\Yarn\bin;C:\Users\RAJAT PACHAURI\AppData\Local\Programs\Python\Python37-32;C:\Users\RAJAT PACHAURI\AppData\Local\Programs\Microsoft VS Code\bin;C:\Users\RAJAT PACHAURI\AppData\Local\Programs\MiKTeX 2.9\miktex\bin\x64\;C:\Users\RAJAT PACHAURI\AppData\Roaming\npm

Yarn version: 
  1.16.0

Node version: 
  12.16.2

Platform: 
  win32 x64

Trace: 
  Error: EPERM: operation not permitted, unlink 'C:\Users\RAJAT PACHAURI\Desktop\LearningMaterial\ReactNative\MyApp\node_modules\nan\doc'

npm manifest: 
  {
    "main": "node_modules/expo/AppEntry.js",
    "scripts": {
      "start": "expo start",
      "android": "expo start --android",
      "ios": "expo start --ios",
      "web": "expo start --web",
      "eject": "expo eject"
    },
    "dependencies": {
      "expo": "~37.0.3",
      "react": "~16.9.0",
      "react-dom": "~16.9.0",
      "react-native": "https://github.com/expo/react-native/archive/sdk-37.0.1.tar.gz",
      "react-native-elements": "^2.0.1",
      "react-native-web": "~0.11.7",
      "react-navigation": "2.0.1"
    },
    "devDependencies": {
      "@babel/core": "^7.8.6",
      "babel-preset-expo": "~8.1.0"
    },
    "private": true
  }

yarn manifest: 
  No manifest

Lockfile: 
  No lockfile
